[2021-03-04T17:09:49.668] [INFO] resLogger - 
*************** response log start ***************
request method: GET
request originalUrl:  /projects/findList
request client ip:  ::1
request query:  {}
response time: 52
response status: 200
response body: 
{"code":0,"success":true,"message":"success","data":{"docs":[],"total":0,"limit":20,"page":1,"pages":1}}
*************** response log end ***************

[2021-03-04T17:49:03.995] [INFO] resLogger - 
*************** response log start ***************
request method: GET
request originalUrl:  /projects/findList
request client ip:  ::1
request query:  {}
response time: 65
response status: 200
response body: 
{"code":0,"success":true,"message":"success","data":{"docs":[],"total":0,"limit":20,"page":1,"pages":1}}
*************** response log end ***************

[2021-03-04T17:57:50.146] [INFO] resLogger - 
*************** response log start ***************
request method: GET
request originalUrl:  /projects/findList
request client ip:  ::1
request query:  {}
response time: 48
response status: 200
response body: 
{"code":0,"success":true,"message":"success","data":{"docs":[],"total":0,"limit":20,"page":1,"pages":1}}
*************** response log end ***************

[2021-03-04T20:31:08.135] [INFO] resLogger - 
*************** response log start ***************
request method: GET
request originalUrl:  /projects/findList?pageNum=1&pageSize=20
request client ip:  
request query:  {"pageNum":"1","pageSize":"20"}
response time: 1154
response status: 200
response body: 
{"code":0,"success":true,"message":"success","data":{"docs":[],"total":0,"limit":20,"page":"1","pages":1}}
*************** response log end ***************

[2021-03-04T20:31:08.238] [INFO] resLogger - 
*************** response log start ***************
request method: GET
request originalUrl:  /projects/findList?pageNum=1&pageSize=20
request client ip:  ::1
request query:  {"pageNum":"1","pageSize":"20"}
response time: 11
response status: 200
response body: 
{"code":0,"success":true,"message":"success","data":{"docs":[],"total":0,"limit":20,"page":"1","pages":1}}
*************** response log end ***************

[2021-03-04T20:43:57.357] [INFO] resLogger - 
*************** response log start ***************
request method: GET
request originalUrl:  /projects/findList?pageNum=1&pageSize=20
request client ip:  ::1
request query:  {"pageNum":"1","pageSize":"20"}
response time: 15
response status: 200
response body: 
{"code":0,"success":true,"message":"success","data":{"docs":[],"total":0,"limit":20,"page":"1","pages":1}}
*************** response log end ***************

[2021-03-04T20:44:28.775] [INFO] resLogger - 
*************** response log start ***************
request method: GET
request originalUrl:  /projects/findList?pageNum=1&pageSize=20
request client ip:  ::1
request query:  {"pageNum":"1","pageSize":"20"}
response time: 11
response status: 200
response body: 
{"code":0,"success":true,"message":"success","data":{"docs":[],"total":0,"limit":20,"page":"1","pages":1}}
*************** response log end ***************

[2021-03-04T20:44:32.712] [INFO] resLogger - 
*************** response log start ***************
request method: GET
request originalUrl:  /projects/findList?pageNum=1&pageSize=20
request client ip:  ::1
request query:  {"pageNum":"1","pageSize":"20"}
response time: 493
response status: 200
response body: 
{"code":0,"success":true,"message":"success","data":{"docs":[],"total":0,"limit":20,"page":"1","pages":1}}
*************** response log end ***************

[2021-03-04T20:47:07.445] [INFO] resLogger - 
*************** response log start ***************
request method: GET
request originalUrl:  /projects/findList?pageNum=1&pageSize=20
request client ip:  ::1
request query:  {"pageNum":"1","pageSize":"20"}
response time: 562
response status: 200
response body: 
{"code":0,"success":true,"message":"success","data":{"docs":[],"total":0,"limit":20,"page":"1","pages":1}}
*************** response log end ***************

[2021-03-04T20:48:43.450] [INFO] resLogger - 
*************** response log start ***************
request method: GET
request originalUrl:  /projects/findList?pageNum=1&pageSize=20
request client ip:  ::1
request query:  {"pageNum":"1","pageSize":"20"}
response time: 24
response status: 200
response body: 
{"code":0,"success":true,"message":"success","data":{"docs":[],"total":0,"limit":20,"page":"1","pages":1}}
*************** response log end ***************

[2021-03-04T20:49:04.944] [INFO] resLogger - 
*************** response log start ***************
request method: GET
request originalUrl:  /projects/findList?pageNum=1&pageSize=20
request client ip:  ::1
request query:  {"pageNum":"1","pageSize":"20"}
response time: 25
response status: 200
response body: 
{"code":0,"success":true,"message":"success","data":{"docs":[],"total":0,"limit":20,"page":"1","pages":1}}
*************** response log end ***************

[2021-03-04T20:49:54.052] [INFO] resLogger - 
*************** response log start ***************
request method: GET
request originalUrl:  /projects/findList?pageNum=1&pageSize=20
request client ip:  ::1
request query:  {"pageNum":"1","pageSize":"20"}
response time: 12
response status: 200
response body: 
{"code":0,"success":true,"message":"success","data":{"docs":[],"total":0,"limit":20,"page":"1","pages":1}}
*************** response log end ***************

[2021-03-04T20:52:10.452] [INFO] resLogger - 
*************** response log start ***************
request method: GET
request originalUrl:  /projects/findList?pageNum=1&pageSize=20
request client ip:  ::1
request query:  {"pageNum":"1","pageSize":"20"}
response time: 43
response status: 200
response body: 
{"code":0,"success":true,"message":"success","data":{"docs":[],"total":0,"limit":20,"page":"1","pages":1}}
*************** response log end ***************

[2021-03-04T20:53:45.103] [INFO] resLogger - 
*************** response log start ***************
request method: GET
request originalUrl:  /projects/findList?pageNum=1&pageSize=20
request client ip:  ::1
request query:  {"pageNum":"1","pageSize":"20"}
response time: 16
response status: 200
response body: 
{"code":0,"success":true,"message":"success","data":{"docs":[],"total":0,"limit":20,"page":"1","pages":1}}
*************** response log end ***************

[2021-03-04T20:54:55.427] [INFO] resLogger - 
*************** response log start ***************
request method: GET
request originalUrl:  /projects/findList?pageNum=1&pageSize=20
request client ip:  ::1
request query:  {"pageNum":"1","pageSize":"20"}
response time: 11
response status: 200
response body: 
{"code":0,"success":true,"message":"success","data":{"docs":[],"total":0,"limit":20,"page":"1","pages":1}}
*************** response log end ***************

[2021-03-04T20:54:59.490] [INFO] resLogger - 
*************** response log start ***************
request method: POST
request originalUrl:  /projects/createListItem
request client ip:  ::1
request body: 
{"role":"1","desc":"222"}
response time: 55
response status: 200
response body: 
{"code":0,"success":true,"message":"success","data":true}
*************** response log end ***************

[2021-03-04T20:54:59.528] [INFO] resLogger - 
*************** response log start ***************
request method: GET
request originalUrl:  /projects/findList?pageNum=1&pageSize=20
request client ip:  ::1
request query:  {"pageNum":"1","pageSize":"20"}
response time: 17
response status: 200
response body: 
{"code":0,"success":true,"message":"success","data":{"docs":[{"role":1,"_id":"6040d8a3b0217e025d6100cc","desc":"222","updated":"2021-03-04T12:54:59.436Z","created":"2021-03-04T12:54:59.436Z","__v":0}],"total":1,"limit":20,"page":"1","pages":1}}
*************** response log end ***************

[2021-03-04T20:58:09.521] [INFO] resLogger - 
*************** response log start ***************
request method: GET
request originalUrl:  /projects/findList?pageNum=1&pageSize=20
request client ip:  ::1
request query:  {"pageNum":"1","pageSize":"20"}
response time: 16
response status: 200
response body: 
{"code":0,"success":true,"message":"success","data":{"docs":[{"role":1,"_id":"6040d8a3b0217e025d6100cc","desc":"222","updated":"2021-03-04T12:54:59.436Z","created":"2021-03-04T12:54:59.436Z","__v":0}],"total":1,"limit":20,"page":"1","pages":1}}
*************** response log end ***************

[2021-03-04T20:58:23.862] [INFO] resLogger - 
*************** response log start ***************
request method: GET
request originalUrl:  /projects/findList?pageNum=1&pageSize=20
request client ip:  ::1
request query:  {"pageNum":"1","pageSize":"20"}
response time: 13
response status: 200
response body: 
{"code":0,"success":true,"message":"success","data":{"docs":[{"role":1,"_id":"6040d8a3b0217e025d6100cc","desc":"222","updated":"2021-03-04T12:54:59.436Z","created":"2021-03-04T12:54:59.436Z","__v":0}],"total":1,"limit":20,"page":"1","pages":1}}
*************** response log end ***************

[2021-03-04T20:58:47.869] [INFO] resLogger - 
*************** response log start ***************
request method: GET
request originalUrl:  /projects/findList?pageNum=1&pageSize=20
request client ip:  ::1
request query:  {"pageNum":"1","pageSize":"20"}
response time: 12
response status: 200
response body: 
{"code":0,"success":true,"message":"success","data":{"docs":[{"role":1,"_id":"6040d8a3b0217e025d6100cc","desc":"222","updated":"2021-03-04T12:54:59.436Z","created":"2021-03-04T12:54:59.436Z","__v":0}],"total":1,"limit":20,"page":"1","pages":1}}
*************** response log end ***************

[2021-03-04T20:59:21.450] [INFO] resLogger - 
*************** response log start ***************
request method: GET
request originalUrl:  /projects/findList?pageNum=1&pageSize=20
request client ip:  ::1
request query:  {"pageNum":"1","pageSize":"20"}
response time: 19
response status: 200
response body: 
{"code":0,"success":true,"message":"success","data":{"docs":[{"role":1,"_id":"6040d8a3b0217e025d6100cc","desc":"222","updated":"2021-03-04T12:54:59.436Z","created":"2021-03-04T12:54:59.436Z","__v":0}],"total":1,"limit":20,"page":"1","pages":1}}
*************** response log end ***************

[2021-03-04T20:59:22.856] [INFO] resLogger - 
*************** response log start ***************
request method: GET
request originalUrl:  /projects/findList?pageNum=1&pageSize=20
request client ip:  ::1
request query:  {"pageNum":"1","pageSize":"20"}
response time: 12
response status: 200
response body: 
{"code":0,"success":true,"message":"success","data":{"docs":[{"role":1,"_id":"6040d8a3b0217e025d6100cc","desc":"222","updated":"2021-03-04T12:54:59.436Z","created":"2021-03-04T12:54:59.436Z","__v":0}],"total":1,"limit":20,"page":"1","pages":1}}
*************** response log end ***************

[2021-03-04T21:00:41.375] [INFO] resLogger - 
*************** response log start ***************
request method: GET
request originalUrl:  /projects/findList?pageNum=1&pageSize=20
request client ip:  ::1
request query:  {"pageNum":"1","pageSize":"20"}
response time: 12
response status: 200
response body: 
{"code":0,"success":true,"message":"success","data":{"docs":[{"role":1,"_id":"6040d8a3b0217e025d6100cc","desc":"222","updated":"2021-03-04T12:54:59.436Z","created":"2021-03-04T12:54:59.436Z","__v":0}],"total":1,"limit":20,"page":"1","pages":1}}
*************** response log end ***************

[2021-03-04T21:00:44.392] [INFO] resLogger - 
*************** response log start ***************
request method: GET
request originalUrl:  /projects/findList?pageNum=1&pageSize=20
request client ip:  ::1
request query:  {"pageNum":"1","pageSize":"20"}
response time: 14
response status: 200
response body: 
{"code":0,"success":true,"message":"success","data":{"docs":[{"role":1,"_id":"6040d8a3b0217e025d6100cc","desc":"222","updated":"2021-03-04T12:54:59.436Z","created":"2021-03-04T12:54:59.436Z","__v":0}],"total":1,"limit":20,"page":"1","pages":1}}
*************** response log end ***************

[2021-03-04T21:00:48.584] [INFO] resLogger - 
*************** response log start ***************
request method: POST
request originalUrl:  /projects/changeListItem
request client ip:  ::1
request body: 
{"id":"6040d8a3b0217e025d6100cc","role":1,"desc":"22211"}
response time: 32
response status: 200
response body: 
{"code":0,"success":true,"message":"success","data":true}
*************** response log end ***************

[2021-03-04T21:00:48.629] [INFO] resLogger - 
*************** response log start ***************
request method: GET
request originalUrl:  /projects/findList?pageNum=1&pageSize=20
request client ip:  ::1
request query:  {"pageNum":"1","pageSize":"20"}
response time: 11
response status: 200
response body: 
{"code":0,"success":true,"message":"success","data":{"docs":[{"role":1,"_id":"6040d8a3b0217e025d6100cc","desc":"22211","updated":"2021-03-04T13:00:48.552Z","created":"2021-03-04T12:54:59.436Z","__v":0}],"total":1,"limit":20,"page":"1","pages":1}}
*************** response log end ***************

[2021-03-04T21:01:24.000] [INFO] resLogger - 
*************** response log start ***************
request method: GET
request originalUrl:  /projects/findList?pageNum=1&pageSize=20
request client ip:  ::1
request query:  {"pageNum":"1","pageSize":"20"}
response time: 14
response status: 200
response body: 
{"code":0,"success":true,"message":"success","data":{"docs":[{"role":1,"_id":"6040d8a3b0217e025d6100cc","desc":"22211","updated":"2021-03-04T13:00:48.552Z","created":"2021-03-04T12:54:59.436Z","__v":0}],"total":1,"limit":20,"page":"1","pages":1}}
*************** response log end ***************

[2021-03-04T21:01:34.062] [INFO] resLogger - 
*************** response log start ***************
request method: GET
request originalUrl:  /projects/findList?pageNum=1&pageSize=20
request client ip:  ::1
request query:  {"pageNum":"1","pageSize":"20"}
response time: 14
response status: 200
response body: 
{"code":0,"success":true,"message":"success","data":{"docs":[{"role":1,"_id":"6040d8a3b0217e025d6100cc","desc":"22211","updated":"2021-03-04T13:00:48.552Z","created":"2021-03-04T12:54:59.436Z","__v":0}],"total":1,"limit":20,"page":"1","pages":1}}
*************** response log end ***************

[2021-03-04T21:03:10.253] [INFO] resLogger - 
*************** response log start ***************
request method: GET
request originalUrl:  /projects/findList?pageNum=1&pageSize=20
request client ip:  ::1
request query:  {"pageNum":"1","pageSize":"20"}
response time: 11
response status: 200
response body: 
{"code":0,"success":true,"message":"success","data":{"docs":[{"role":1,"_id":"6040d8a3b0217e025d6100cc","desc":"22211","updated":"2021-03-04T13:00:48.552Z","created":"2021-03-04T12:54:59.436Z","__v":0}],"total":1,"limit":20,"page":"1","pages":1}}
*************** response log end ***************

[2021-03-04T21:03:25.245] [INFO] resLogger - 
*************** response log start ***************
request method: GET
request originalUrl:  /projects/findList?pageNum=1&pageSize=20
request client ip:  ::1
request query:  {"pageNum":"1","pageSize":"20"}
response time: 11
response status: 200
response body: 
{"code":0,"success":true,"message":"success","data":{"docs":[{"role":1,"_id":"6040d8a3b0217e025d6100cc","desc":"22211","updated":"2021-03-04T13:00:48.552Z","created":"2021-03-04T12:54:59.436Z","__v":0}],"total":1,"limit":20,"page":"1","pages":1}}
*************** response log end ***************

[2021-03-04T21:03:26.208] [INFO] resLogger - 
*************** response log start ***************
request method: GET
request originalUrl:  /projects/findList?pageNum=1&pageSize=20
request client ip:  ::1
request query:  {"pageNum":"1","pageSize":"20"}
response time: 14
response status: 200
response body: 
{"code":0,"success":true,"message":"success","data":{"docs":[{"role":1,"_id":"6040d8a3b0217e025d6100cc","desc":"22211","updated":"2021-03-04T13:00:48.552Z","created":"2021-03-04T12:54:59.436Z","__v":0}],"total":1,"limit":20,"page":"1","pages":1}}
*************** response log end ***************

[2021-03-04T21:03:29.852] [INFO] resLogger - 
*************** response log start ***************
request method: POST
request originalUrl:  /projects/deleteListItem
request client ip:  ::1
request body: 
{"id":"6040d8a3b0217e025d6100cc"}
response time: 29
response status: 200
response body: 
{"code":0,"success":true,"message":"success","data":true}
*************** response log end ***************

[2021-03-04T21:03:30.181] [INFO] resLogger - 
*************** response log start ***************
request method: GET
request originalUrl:  /projects/findList?pageNum=1&pageSize=20
request client ip:  ::1
request query:  {"pageNum":"1","pageSize":"20"}
response time: 314
response status: 200
response body: 
{"code":0,"success":true,"message":"success","data":{"docs":[],"total":0,"limit":20,"page":"1","pages":1}}
*************** response log end ***************

