[2021-03-04T17:08:40.359] [ERROR] errorLogger - 
*************** error log start ***************
request method: GET
request originalUrl:  /projects/findList
request client ip:  ::1
request query:  {}
response time: 2
err name: UnauthorizedError
err message: Authentication Error
err stack: UnauthorizedError: Authentication Error
    at Object.throw (/Users/ljc/Desktop/node-project/node_modules/_koa@2.13.1@koa/lib/context.js:97:11)
    at jwt (/Users/ljc/Desktop/node-project/node_modules/_koa-jwt@3.6.0@koa-jwt/lib/index.js:23:22)
    at /Users/ljc/Desktop/node-project/node_modules/_koa-unless@1.0.7@koa-unless/index.js:29:12
    at dispatch (/Users/ljc/Desktop/node-project/node_modules/_koa-compose@4.1.0@koa-compose/index.js:42:32)
    at loggerHandle (/Users/ljc/Desktop/node-project/middlewares/loggerHandle.js:9:11)
    at dispatch (/Users/ljc/Desktop/node-project/node_modules/_koa-compose@4.1.0@koa-compose/index.js:42:32)
    at views (/Users/ljc/Desktop/node-project/node_modules/_koa-views@5.2.1@koa-views/lib/index.js:61:12)
    at dispatch (/Users/ljc/Desktop/node-project/node_modules/_koa-compose@4.1.0@koa-compose/index.js:42:32)
    at send.then.done (/Users/ljc/Desktop/node-project/node_modules/_koa-static@3.0.0@koa-static/index.js:43:20)
*************** error log end ***************

[2021-03-04T20:53:49.807] [ERROR] errorLogger - 
*************** error log start ***************
request method: POST
request originalUrl:  /projects/createListItem
request client ip:  ::1
request body: 
{"watchNumber":"1","goodsNumber":"222"}
response time: 15
err name: createPhoneFail
err message: 设备创建失败
err stack: createPhoneFail: 设备创建失败
    at List.save.then.catch (/Users/ljc/Desktop/node-project/app/controllers/list.js:13:11)
    at process._tickCallback (internal/process/next_tick.js:68:7)
*************** error log end ***************

[2021-03-04T20:53:57.085] [ERROR] errorLogger - 
*************** error log start ***************
request method: POST
request originalUrl:  /projects/createListItem
request client ip:  ::1
request body: 
{"watchNumber":"1","goodsNumber":"222"}
response time: 2
err name: createPhoneFail
err message: 设备创建失败
err stack: createPhoneFail: 设备创建失败
    at List.save.then.catch (/Users/ljc/Desktop/node-project/app/controllers/list.js:13:11)
    at process._tickCallback (internal/process/next_tick.js:68:7)
*************** error log end ***************

[2021-03-04T20:59:26.315] [ERROR] errorLogger - 
*************** error log start ***************
request method: POST
request originalUrl:  /projects/changeListItem
request client ip:  ::1
request body: 
{"role":1,"_id":"6040d8a3b0217e025d6100cc","desc":"22222","updated":"2021-03-04T12:54:59.436Z","created":"2021-03-04T12:54:59.436Z","__v":0,"status":true,"roleStatus":false,"totalPro":null}
response time: 12
err name: findPhonesFail
err message: 获取设备列表失败
err stack: findPhonesFail: 获取设备列表失败
    at List.findByIdAndUpdate.then.catch (/Users/ljc/Desktop/node-project/app/controllers/list.js:37:9)
    at process._tickCallback (internal/process/next_tick.js:68:7)
*************** error log end ***************

